0 info it worked if it ends with ok
1 verbose cli [ '/usr/local/bin/node', '/usr/local/bin/npm', 'run', 'dev' ]
2 info using npm@3.10.3
3 info using node@v6.4.0
4 verbose run-script [ 'predev', 'dev', 'postdev' ]
5 info lifecycle mensa@1.0.0~predev: mensa@1.0.0
6 silly lifecycle mensa@1.0.0~predev: no script for predev, continuing
7 info lifecycle mensa@1.0.0~dev: mensa@1.0.0
8 verbose lifecycle mensa@1.0.0~dev: unsafe-perm in lifecycle true
9 verbose lifecycle mensa@1.0.0~dev: PATH: /usr/local/lib/node_modules/npm/bin/node-gyp-bin:/home/acc/mensa/node_modules/.bin:/usr/local/bin:/usr/local/sbin:/usr/local/bin:/usr/sbin:/usr/bin:/sbin:/bin:/usr/games:/usr/local/games:/11/node-v4.4.7-linux-x64/bin
10 verbose lifecycle mensa@1.0.0~dev: CWD: /home/acc/mensa
11 silly lifecycle mensa@1.0.0~dev: Args: [ '-c',
11 silly lifecycle   'webpack-dev-server --progress --colors --content-base build' ]
12 silly lifecycle mensa@1.0.0~dev: Returned: code: 1  signal: null
13 info lifecycle mensa@1.0.0~dev: Failed to exec dev script
14 verbose stack Error: mensa@1.0.0 dev: `webpack-dev-server --progress --colors --content-base build`
14 verbose stack Exit status 1
14 verbose stack     at EventEmitter.<anonymous> (/usr/local/lib/node_modules/npm/lib/utils/lifecycle.js:242:16)
14 verbose stack     at emitTwo (events.js:106:13)
14 verbose stack     at EventEmitter.emit (events.js:191:7)
14 verbose stack     at ChildProcess.<anonymous> (/usr/local/lib/node_modules/npm/lib/utils/spawn.js:40:14)
14 verbose stack     at emitTwo (events.js:106:13)
14 verbose stack     at ChildProcess.emit (events.js:191:7)
14 verbose stack     at maybeClose (internal/child_process.js:852:16)
14 verbose stack     at Process.ChildProcess._handle.onexit (internal/child_process.js:215:5)
15 verbose pkgid mensa@1.0.0
16 verbose cwd /home/acc/mensa
17 error Linux 4.2.0-42-generic
18 error argv "/usr/local/bin/node" "/usr/local/bin/npm" "run" "dev"
19 error node v6.4.0
20 error npm  v3.10.3
21 error code ELIFECYCLE
22 error mensa@1.0.0 dev: `webpack-dev-server --progress --colors --content-base build`
22 error Exit status 1
23 error Failed at the mensa@1.0.0 dev script 'webpack-dev-server --progress --colors --content-base build'.
23 error Make sure you have the latest version of node.js and npm installed.
23 error If you do, this is most likely a problem with the mensa package,
23 error not with npm itself.
23 error Tell the author that this fails on your system:
23 error     webpack-dev-server --progress --colors --content-base build
23 error You can get information on how to open an issue for this project with:
23 error     npm bugs mensa
23 error Or if that isn't available, you can get their info via:
23 error     npm owner ls mensa
23 error There is likely additional logging output above.
24 verbose exit [ 1, true ]
